#
# There is insufficient memory for the Java Runtime Environment to continue.
# Native memory allocation (mmap) failed to map 65536 bytes for Failed to commit metaspace.
# Possible reasons:
#   The system is out of physical RAM or swap space
#   The process is running with CompressedOops enabled, and the Java Heap may be blocking the growth of the native heap
# Possible solutions:
#   Reduce memory load on the system
#   Increase physical memory or swap space
#   Check if swap backing store is full
#   Decrease Java heap size (-Xmx/-Xms)
#   Decrease number of Java threads
#   Decrease Java thread stack sizes (-Xss)
#   Set larger code cache with -XX:ReservedCodeCacheSize=
#   JVM is running with Zero Based Compressed Oops mode in which the Java heap is
#     placed in the first 32GB address space. The Java Heap base address is the
#     maximum limit for the native heap growth. Please use -XX:HeapBaseMinAddress
#     to set the Java Heap base and to place the Java Heap above 32GB virtual address.
# This output file may be truncated or incomplete.
#
#  Out of Memory Error (virtualSpaceNode.cpp:110), pid=19000, tid=2004
#
# JRE version: OpenJDK Runtime Environment Temurin-17.0.1+12 (17.0.1+12) (build 17.0.1+12)
# Java VM: OpenJDK 64-Bit Server VM Temurin-17.0.1+12 (17.0.1+12, mixed mode, emulated-client, tiered, compressed oops, compressed class ptrs, g1 gc, windows-amd64)
# No core dump will be written. Minidumps are not enabled by default on client versions of Windows
#

---------------  S U M M A R Y ------------

Command Line: -Dcom.sun.management.jmxremote -Dcom.sun.management.jmxremote.port=50680 -Dcom.sun.management.jmxremote.authenticate=false -Dcom.sun.management.jmxremote.ssl=false -Djava.rmi.server.hostname=localhost -Dspring.jmx.enabled=true -Dspring.application.admin.enabled=true -XX:TieredStopAtLevel=1 -Dspring.boot.project.name=SpringRESTwithDB -Dfile.encoding=UTF-8 -XX:+ShowCodeDetailsInExceptionMessages com.springrest.DemoApplication --spring.output.ansi.enabled=always

Host: Intel(R) Xeon(R) Gold 6258R CPU @ 2.70GHz, 2 cores, 11G,  Windows 10 , 64 bit Build 19041 (10.0.19041.1741)
Time: Sun Jul 24 23:59:27 2022 India Standard Time elapsed time: 1.811502 seconds (0d 0h 0m 1s)

---------------  T H R E A D  ---------------

Current thread (0x00000149b0809190):  JavaThread "RMI TCP Connection(1)-127.0.0.1" daemon [_thread_in_vm, id=2004, stack(0x0000003b07600000,0x0000003b07700000)]

Stack: [0x0000003b07600000,0x0000003b07700000]
Native frames: (J=compiled Java code, j=interpreted, Vv=VM code, C=native code)
V  [jvm.dll+0x6744da]
V  [jvm.dll+0x82e144]
V  [jvm.dll+0x82f8ee]
V  [jvm.dll+0x82ff53]
V  [jvm.dll+0x245175]
V  [jvm.dll+0x82a0eb]
V  [jvm.dll+0x619566]
V  [jvm.dll+0x6195ca]
V  [jvm.dll+0x61bdea]
V  [jvm.dll+0x619f06]
V  [jvm.dll+0x2396df]
V  [jvm.dll+0x623b45]
V  [jvm.dll+0x1e9e4b]
V  [jvm.dll+0x1ea385]
V  [jvm.dll+0x1eadbf]
V  [jvm.dll+0x1e0261]
V  [jvm.dll+0x53b150]
V  [jvm.dll+0x1f0a57]
V  [jvm.dll+0x7a87ab]
V  [jvm.dll+0x7a9b52]
V  [jvm.dll+0x7a9e88]
V  [jvm.dll+0x23d45e]
V  [jvm.dll+0x37e5ae]
C  0x00000149a3349aed

Java frames: (J=compiled Java code, j=interpreted, Vv=VM code)
j  sun.rmi.transport.tcp.TCPTransport.handleMessages(Lsun/rmi/transport/Connection;Z)V+132 java.rmi@17.0.1
j  sun.rmi.transport.tcp.TCPTransport$ConnectionHandler.run0()V+522 java.rmi@17.0.1
j  sun.rmi.transport.tcp.TCPTransport$ConnectionHandler.lambda$run$0()Ljava/lang/Void;+1 java.rmi@17.0.1
j  sun.rmi.transport.tcp.TCPTransport$ConnectionHandler$$Lambda$109+0x0000000800167788.run()Ljava/lang/Object;+4 java.rmi@17.0.1
J 801 c1 java.security.AccessController.executePrivileged(Ljava/security/PrivilegedAction;Ljava/security/AccessControlContext;Ljava/lang/Class;)Ljava/lang/Object; java.base@17.0.1 (65 bytes) @ 0x00000149a35de00c [0x00000149a35ddfc0+0x000000000000004c]
j  java.security.AccessController.doPrivileged(Ljava/security/PrivilegedAction;Ljava/security/AccessControlContext;)Ljava/lang/Object;+13 java.base@17.0.1
j  sun.rmi.transport.tcp.TCPTransport$ConnectionHandler.run()V+37 java.rmi@17.0.1
j  java.util.concurrent.ThreadPoolExecutor.runWorker(Ljava/util/concurrent/ThreadPoolExecutor$Worker;)V+92 java.base@17.0.1
j  java.util.concurrent.ThreadPoolExecutor$Worker.run()V+5 java.base@17.0.1
j  java.lang.Thread.run()V+11 java.base@17.0.1
v  ~StubRoutines::call_stub

---------------  P R O C E S S  ---------------

Threads class SMR info:
_java_thread_list=0x00000149b0855720, length=16, elements={
0x000001499fcddf40, 0x00000149b002e390, 0x00000149b0031970, 0x00000149b00634c0,
0x00000149b0064070, 0x00000149b0068a40, 0x00000149b007d010, 0x00000149b007e4f0,
0x000001499fb5e9b0, 0x00000149b010c6c0, 0x00000149b0221010, 0x00000149b0659100,
0x00000149b0727b30, 0x00000149b071d010, 0x00000149b07f21a0, 0x00000149b0809190
}

Java Threads: ( => current thread )
  0x000001499fcddf40 JavaThread "main" [_thread_in_vm, id=2684, stack(0x0000003b05f00000,0x0000003b06000000)]
  0x00000149b002e390 JavaThread "Reference Handler" daemon [_thread_blocked, id=17416, stack(0x0000003b06600000,0x0000003b06700000)]
  0x00000149b0031970 JavaThread "Finalizer" daemon [_thread_blocked, id=16764, stack(0x0000003b06700000,0x0000003b06800000)]
  0x00000149b00634c0 JavaThread "Signal Dispatcher" daemon [_thread_blocked, id=10504, stack(0x0000003b06800000,0x0000003b06900000)]
  0x00000149b0064070 JavaThread "Attach Listener" daemon [_thread_blocked, id=16500, stack(0x0000003b06900000,0x0000003b06a00000)]
  0x00000149b0068a40 JavaThread "Service Thread" daemon [_thread_blocked, id=10832, stack(0x0000003b06a00000,0x0000003b06b00000)]
  0x00000149b007d010 JavaThread "Monitor Deflation Thread" daemon [_thread_blocked, id=2448, stack(0x0000003b06b00000,0x0000003b06c00000)]
  0x00000149b007e4f0 JavaThread "C1 CompilerThread0" daemon [_thread_blocked, id=9760, stack(0x0000003b06c00000,0x0000003b06d00000)]
  0x000001499fb5e9b0 JavaThread "Sweeper thread" daemon [_thread_blocked, id=6032, stack(0x0000003b06d00000,0x0000003b06e00000)]
  0x00000149b010c6c0 JavaThread "Common-Cleaner" daemon [_thread_blocked, id=4744, stack(0x0000003b06e00000,0x0000003b06f00000)]
  0x00000149b0221010 JavaThread "Notification Thread" daemon [_thread_blocked, id=15088, stack(0x0000003b06f00000,0x0000003b07000000)]
  0x00000149b0659100 JavaThread "C1 CompilerThread1" daemon [_thread_blocked, id=552, stack(0x0000003b07100000,0x0000003b07200000)]
  0x00000149b0727b30 JavaThread "RMI TCP Accept-0" daemon [_thread_in_native, id=16092, stack(0x0000003b07200000,0x0000003b07300000)]
  0x00000149b071d010 JavaThread "RMI TCP Accept-50680" daemon [_thread_in_native, id=11408, stack(0x0000003b07300000,0x0000003b07400000)]
  0x00000149b07f21a0 JavaThread "RMI TCP Accept-0" daemon [_thread_in_native, id=17404, stack(0x0000003b07400000,0x0000003b07500000)]
=>0x00000149b0809190 JavaThread "RMI TCP Connection(1)-127.0.0.1" daemon [_thread_in_vm, id=2004, stack(0x0000003b07600000,0x0000003b07700000)]

Other Threads:
  0x00000149b0015030 VMThread "VM Thread" [stack: 0x0000003b06500000,0x0000003b06600000] [id=6880]
  0x000001499fcdedb0 WatcherThread [stack: 0x0000003b07500000,0x0000003b07600000] [id=18272]
  0x000001499fd22960 GCTaskThread "GC Thread#0" [stack: 0x0000003b06000000,0x0000003b06100000] [id=18436]
  0x00000149b066bc20 GCTaskThread "GC Thread#1" [stack: 0x0000003b07000000,0x0000003b07100000] [id=16232]
  0x000001499fd2f8a0 ConcurrentGCThread "G1 Main Marker" [stack: 0x0000003b06100000,0x0000003b06200000] [id=13168]
  0x000001499fd322c0 ConcurrentGCThread "G1 Conc#0" [stack: 0x0000003b06200000,0x0000003b06300000] [id=10896]
  0x000001499fd5d080 ConcurrentGCThread "G1 Refine#0" [stack: 0x0000003b06300000,0x0000003b06400000] [id=1404]
  0x000001499fd5e240 ConcurrentGCThread "G1 Service" [stack: 0x0000003b06400000,0x0000003b06500000] [id=2644]

Threads with active compile tasks:

VM state: not at safepoint (normal execution)

VM Mutex/Monitor currently owned by a thread:  ([mutex/lock_event])
[0x000001499db6c720] Metaspace_lock - owner thread: 0x00000149b0809190

Heap address: 0x0000000740000000, size: 3072 MB, Compressed Oops mode: Zero based, Oop shift amount: 3

CDS archive(s) not mapped
Compressed class space mapped at: 0x0000000800000000-0x0000000840000000, reserved size: 1073741824
Narrow klass base: 0x0000000800000000, Narrow klass shift: 0, Narrow klass range: 0x40000000

GC Precious Log:
 CPUs: 2 total, 2 available
 Memory: 12287M
 Large Page Support: Disabled
 NUMA Support: Disabled
 Compressed Oops: Enabled (Zero based)
 Heap Region Size: 2M
 Heap Min Capacity: 8M
 Heap Initial Capacity: 192M
 Heap Max Capacity: 3G
 Pre-touch: Disabled
 Parallel Workers: 2
 Concurrent Workers: 1
 Concurrent Refinement Workers: 2
 Periodic GC: Disabled

Heap:
 garbage-first heap   total 196608K, used 5718K [0x0000000740000000, 0x0000000800000000)
  region size 2048K, 2 young (4096K), 1 survivors (2048K)
 Metaspace       used 13601K, committed 13760K, reserved 1064960K
  class space    used 1391K, committed 1472K, reserved 1048576K

Heap Regions: E=young(eden), S=young(survivor), O=old, HS=humongous(starts), HC=humongous(continues), CS=collection set, F=free, OA=open archive, CA=closed archive, TAMS=top-at-mark-start (previous, next)
|   0|0x0000000740000000, 0x0000000740200000, 0x0000000740200000|100%| O|  |TAMS 0x0000000740000000, 0x0000000740000000| Untracked 
|   1|0x0000000740200000, 0x0000000740400000, 0x0000000740400000|100%| O|  |TAMS 0x0000000740200000, 0x0000000740200000| Untracked 
|   2|0x0000000740400000, 0x000000074043e600, 0x0000000740600000| 12%| O|  |TAMS 0x0000000740400000, 0x0000000740400000| Untracked 
|   3|0x0000000740600000, 0x0000000740600000, 0x0000000740800000|  0%| F|  |TAMS 0x0000000740600000, 0x0000000740600000| Untracked 
|   4|0x0000000740800000, 0x0000000740800000, 0x0000000740a00000|  0%| F|  |TAMS 0x0000000740800000, 0x0000000740800000| Untracked 
|   5|0x0000000740a00000, 0x0000000740a00000, 0x0000000740c00000|  0%| F|  |TAMS 0x0000000740a00000, 0x0000000740a00000| Untracked 
|   6|0x0000000740c00000, 0x0000000740c00000, 0x0000000740e00000|  0%| F|  |TAMS 0x0000000740c00000, 0x0000000740c00000| Untracked 
|   7|0x0000000740e00000, 0x0000000740e00000, 0x0000000741000000|  0%| F|  |TAMS 0x0000000740e00000, 0x0000000740e00000| Untracked 
|   8|0x0000000741000000, 0x0000000741000000, 0x0000000741200000|  0%| F|  |TAMS 0x0000000741000000, 0x0000000741000000| Untracked 
|   9|0x0000000741200000, 0x0000000741200000, 0x0000000741400000|  0%| F|  |TAMS 0x0000000741200000, 0x0000000741200000| Untracked 
|  10|0x0000000741400000, 0x0000000741400000, 0x0000000741600000|  0%| F|  |TAMS 0x0000000741400000, 0x0000000741400000| Untracked 
|  11|0x0000000741600000, 0x0000000741600000, 0x0000000741800000|  0%| F|  |TAMS 0x0000000741600000, 0x0000000741600000| Untracked 
|  12|0x0000000741800000, 0x0000000741800000, 0x0000000741a00000|  0%| F|  |TAMS 0x0000000741800000, 0x0000000741800000| Untracked 
|  13|0x0000000741a00000, 0x0000000741a00000, 0x0000000741c00000|  0%| F|  |TAMS 0x0000000741a00000, 0x0000000741a00000| Untracked 
|  14|0x0000000741c00000, 0x0000000741c00000, 0x0000000741e00000|  0%| F|  |TAMS 0x0000000741c00000, 0x0000000741c00000| Untracked 
|  15|0x0000000741e00000, 0x0000000741e00000, 0x0000000742000000|  0%| F|  |TAMS 0x0000000741e00000, 0x0000000741e00000| Untracked 
|  16|0x0000000742000000, 0x0000000742000000, 0x0000000742200000|  0%| F|  |TAMS 0x0000000742000000, 0x0000000742000000| Untracked 
|  17|0x0000000742200000, 0x0000000742200000, 0x0000000742400000|  0%| F|  |TAMS 0x0000000742200000, 0x0000000742200000| Untracked 
|  18|0x0000000742400000, 0x0000000742400000, 0x0000000742600000|  0%| F|  |TAMS 0x0000000742400000, 0x0000000742400000| Untracked 
|  19|0x0000000742600000, 0x0000000742600000, 0x0000000742800000|  0%| F|  |TAMS 0x0000000742600000, 0x0000000742600000| Untracked 
|  20|0x0000000742800000, 0x0000000742800000, 0x0000000742a00000|  0%| F|  |TAMS 0x0000000742800000, 0x0000000742800000| Untracked 
|  21|0x0000000742a00000, 0x0000000742a00000, 0x0000000742c00000|  0%| F|  |TAMS 0x0000000742a00000, 0x0000000742a00000| Untracked 
|  22|0x0000000742c00000, 0x0000000742c00000, 0x0000000742e00000|  0%| F|  |TAMS 0x0000000742c00000, 0x0000000742c00000| Untracked 
|  23|0x0000000742e00000, 0x0000000742e00000, 0x0000000743000000|  0%| F|  |TAMS 0x0000000742e00000, 0x0000000742e00000| Untracked 
|  24|0x0000000743000000, 0x0000000743000000, 0x0000000743200000|  0%| F|  |TAMS 0x0000000743000000, 0x0000000743000000| Untracked 
|  25|0x0000000743200000, 0x0000000743200000, 0x0000000743400000|  0%| F|  |TAMS 0x0000000743200000, 0x0000000743200000| Untracked 
|  26|0x0000000743400000, 0x0000000743400000, 0x0000000743600000|  0%| F|  |TAMS 0x0000000743400000, 0x0000000743400000| Untracked 
|  27|0x0000000743600000, 0x0000000743600000, 0x0000000743800000|  0%| F|  |TAMS 0x0000000743600000, 0x0000000743600000| Untracked 
|  28|0x0000000743800000, 0x0000000743800000, 0x0000000743a00000|  0%| F|  |TAMS 0x0000000743800000, 0x0000000743800000| Untracked 
|  29|0x0000000743a00000, 0x0000000743a00000, 0x0000000743c00000|  0%| F|  |TAMS 0x0000000743a00000, 0x0000000743a00000| Untracked 
|  30|0x0000000743c00000, 0x0000000743c00000, 0x0000000743e00000|  0%| F|  |TAMS 0x0000000743c00000, 0x0000000743c00000| Untracked 
|  31|0x0000000743e00000, 0x0000000743e00000, 0x0000000744000000|  0%| F|  |TAMS 0x0000000743e00000, 0x0000000743e00000| Untracked 
|  32|0x0000000744000000, 0x0000000744000000, 0x0000000744200000|  0%| F|  |TAMS 0x0000000744000000, 0x0000000744000000| Untracked 
|  33|0x0000000744200000, 0x0000000744200000, 0x0000000744400000|  0%| F|  |TAMS 0x0000000744200000, 0x0000000744200000| Untracked 
|  34|0x0000000744400000, 0x0000000744400000, 0x0000000744600000|  0%| F|  |TAMS 0x0000000744400000, 0x0000000744400000| Untracked 
|  35|0x0000000744600000, 0x0000000744600000, 0x0000000744800000|  0%| F|  |TAMS 0x0000000744600000, 0x0000000744600000| Untracked 
|  36|0x0000000744800000, 0x0000000744800000, 0x0000000744a00000|  0%| F|  |TAMS 0x0000000744800000, 0x0000000744800000| Untracked 
|  37|0x0000000744a00000, 0x0000000744a00000, 0x0000000744c00000|  0%| F|  |TAMS 0x0000000744a00000, 0x0000000744a00000| Untracked 
|  38|0x0000000744c00000, 0x0000000744c00000, 0x0000000744e00000|  0%| F|  |TAMS 0x0000000744c00000, 0x0000000744c00000| Untracked 
|  39|0x0000000744e00000, 0x0000000744e00000, 0x0000000745000000|  0%| F|  |TAMS 0x0000000744e00000, 0x0000000744e00000| Untracked 
|  40|0x0000000745000000, 0x0000000745000000, 0x0000000745200000|  0%| F|  |TAMS 0x0000000745000000, 0x0000000745000000| Untracked 
|  41|0x0000000745200000, 0x0000000745200000, 0x0000000745400000|  0%| F|  |TAMS 0x0000000745200000, 0x0000000745200000| Untracked 
|  42|0x0000000745400000, 0x0000000745400000, 0x0000000745600000|  0%| F|  |TAMS 0x0000000745400000, 0x0000000745400000| Untracked 
|  43|0x0000000745600000, 0x0000000745600000, 0x0000000745800000|  0%| F|  |TAMS 0x0000000745600000, 0x0000000745600000| Untracked 
|  44|0x0000000745800000, 0x0000000745800000, 0x0000000745a00000|  0%| F|  |TAMS 0x0000000745800000, 0x0000000745800000| Untracked 
|  45|0x0000000745a00000, 0x0000000745a00000, 0x0000000745c00000|  0%| F|  |TAMS 0x0000000745a00000, 0x0000000745a00000| Untracked 
|  46|0x0000000745c00000, 0x0000000745c00000, 0x0000000745e00000|  0%| F|  |TAMS 0x0000000745c00000, 0x0000000745c00000| Untracked 
|  47|0x0000000745e00000, 0x0000000745e00000, 0x0000000746000000|  0%| F|  |TAMS 0x0000000745e00000, 0x0000000745e00000| Untracked 
|  48|0x0000000746000000, 0x0000000746000000, 0x0000000746200000|  0%| F|  |TAMS 0x0000000746000000, 0x0000000746000000| Untracked 
|  49|0x0000000746200000, 0x0000000746200000, 0x0000000746400000|  0%| F|  |TAMS 0x0000000746200000, 0x0000000746200000| Untracked 
|  50|0x0000000746400000, 0x0000000746400000, 0x0000000746600000|  0%| F|  |TAMS 0x0000000746400000, 0x0000000746400000| Untracked 
|  51|0x0000000746600000, 0x0000000746600000, 0x0000000746800000|  0%| F|  |TAMS 0x0000000746600000, 0x0000000746600000| Untracked 
|  52|0x0000000746800000, 0x0000000746800000, 0x0000000746a00000|  0%| F|  |TAMS 0x0000000746800000, 0x0000000746800000| Untracked 
|  53|0x0000000746a00000, 0x0000000746a00000, 0x0000000746c00000|  0%| F|  |TAMS 0x0000000746a00000, 0x0000000746a00000| Untracked 
|  54|0x0000000746c00000, 0x0000000746c00000, 0x0000000746e00000|  0%| F|  |TAMS 0x0000000746c00000, 0x0000000746c00000| Untracked 
|  55|0x0000000746e00000, 0x0000000746e00000, 0x0000000747000000|  0%| F|  |TAMS 0x0000000746e00000, 0x0000000746e00000| Untracked 
|  56|0x0000000747000000, 0x0000000747000000, 0x0000000747200000|  0%| F|  |TAMS 0x0000000747000000, 0x0000000747000000| Untracked 
|  57|0x0000000747200000, 0x0000000747200000, 0x0000000747400000|  0%| F|  |TAMS 0x0000000747200000, 0x0000000747200000| Untracked 
|  58|0x0000000747400000, 0x0000000747400000, 0x0000000747600000|  0%| F|  |TAMS 0x0000000747400000, 0x0000000747400000| Untracked 
|  59|0x0000000747600000, 0x0000000747600000, 0x0000000747800000|  0%| F|  |TAMS 0x0000000747600000, 0x0000000747600000| Untracked 
|  60|0x0000000747800000, 0x0000000747800000, 0x0000000747a00000|  0%| F|  |TAMS 0x0000000747800000, 0x0000000747800000| Untracked 
|  61|0x0000000747a00000, 0x0000000747a00000, 0x0000000747c00000|  0%| F|  |TAMS 0x0000000747a00000, 0x0000000747a00000| Untracked 
|  62|0x0000000747c00000, 0x0000000747c00000, 0x0000000747e00000|  0%| F|  |TAMS 0x0000000747c00000, 0x0000000747c00000| Untracked 
|  63|0x0000000747e00000, 0x0000000747e00000, 0x0000000748000000|  0%| F|  |TAMS 0x0000000747e00000, 0x0000000747e00000| Untracked 
|  64|0x0000000748000000, 0x0000000748000000, 0x0000000748200000|  0%| F|  |TAMS 0x0000000748000000, 0x0000000748000000| Untracked 
|  65|0x0000000748200000, 0x0000000748200000, 0x0000000748400000|  0%| F|  |TAMS 0x0000000748200000, 0x0000000748200000| Untracked 
|  66|0x0000000748400000, 0x0000000748400000, 0x0000000748600000|  0%| F|  |TAMS 0x0000000748400000, 0x0000000748400000| Untracked 
|  67|0x0000000748600000, 0x0000000748600000, 0x0000000748800000|  0%| F|  |TAMS 0x0000000748600000, 0x0000000748600000| Untracked 
|  68|0x0000000748800000, 0x0000000748800000, 0x0000000748a00000|  0%| F|  |TAMS 0x0000000748800000, 0x0000000748800000| Untracked 
|  69|0x0000000748a00000, 0x0000000748a00000, 0x0000000748c00000|  0%| F|  |TAMS 0x0000000748a00000, 0x0000000748a00000| Untracked 
|  70|0x0000000748c00000, 0x0000000748c00000, 0x0000000748e00000|  0%| F|  |TAMS 0x0000000748c00000, 0x0000000748c00000| Untracked 
|  71|0x0000000748e00000, 0x0000000748e00000, 0x0000000749000000|  0%| F|  |TAMS 0x0000000748e00000, 0x0000000748e00000| Untracked 
|  72|0x0000000749000000, 0x0000000749000000, 0x0000000749200000|  0%| F|  |TAMS 0x0000000749000000, 0x0000000749000000| Untracked 
|  73|0x0000000749200000, 0x0000000749200000, 0x0000000749400000|  0%| F|  |TAMS 0x0000000749200000, 0x0000000749200000| Untracked 
|  74|0x0000000749400000, 0x0000000749400000, 0x0000000749600000|  0%| F|  |TAMS 0x0000000749400000, 0x0000000749400000| Untracked 
|  75|0x0000000749600000, 0x0000000749600000, 0x0000000749800000|  0%| F|  |TAMS 0x0000000749600000, 0x0000000749600000| Untracked 
|  76|0x0000000749800000, 0x0000000749800000, 0x0000000749a00000|  0%| F|  |TAMS 0x0000000749800000, 0x0000000749800000| Untracked 
|  77|0x0000000749a00000, 0x0000000749a00000, 0x0000000749c00000|  0%| F|  |TAMS 0x0000000749a00000, 0x0000000749a00000| Untracked 
|  78|0x0000000749c00000, 0x0000000749c00000, 0x0000000749e00000|  0%| F|  |TAMS 0x0000000749c00000, 0x0000000749c00000| Untracked 
|  79|0x0000000749e00000, 0x0000000749e00000, 0x000000074a000000|  0%| F|  |TAMS 0x0000000749e00000, 0x0000000749e00000| Untracked 
|  80|0x000000074a000000, 0x000000074a000000, 0x000000074a200000|  0%| F|  |TAMS 0x000000074a000000, 0x000000074a000000| Untracked 
|  81|0x000000074a200000, 0x000000074a200000, 0x000000074a400000|  0%| F|  |TAMS 0x000000074a200000, 0x000000074a200000| Untracked 
|  82|0x000000074a400000, 0x000000074a400000, 0x000000074a600000|  0%| F|  |TAMS 0x000000074a400000, 0x000000074a400000| Untracked 
|  83|0x000000074a600000, 0x000000074a600000, 0x000000074a800000|  0%| F|  |TAMS 0x000000074a600000, 0x000000074a600000| Untracked 
|  84|0x000000074a800000, 0x000000074a800000, 0x000000074aa00000|  0%| F|  |TAMS 0x000000074a800000, 0x000000074a800000| Untracked 
|  85|0x000000074aa00000, 0x000000074aa00000, 0x000000074ac00000|  0%| F|  |TAMS 0x000000074aa00000, 0x000000074aa00000| Untracked 
|  86|0x000000074ac00000, 0x000000074ac00000, 0x000000074ae00000|  0%| F|  |TAMS 0x000000074ac00000, 0x000000074ac00000| Untracked 
|  87|0x000000074ae00000, 0x000000074ae00000, 0x000000074b000000|  0%| F|  |TAMS 0x000000074ae00000, 0x000000074ae00000| Untracked 
|  88|0x000000074b000000, 0x000000074b000000, 0x000000074b200000|  0%| F|  |TAMS 0x000000074b000000, 0x000000074b000000| Untracked 
|  89|0x000000074b200000, 0x000000074b200000, 0x000000074b400000|  0%| F|  |TAMS 0x000000074b200000, 0x000000074b200000| Untracked 
|  90|0x000000074b400000, 0x000000074b400000, 0x000000074b600000|  0%| F|  |TAMS 0x000000074b400000, 0x000000074b400000| Untracked 
|  91|0x000000074b600000, 0x000000074b600000, 0x000000074b800000|  0%| F|  |TAMS 0x000000074b600000, 0x000000074b600000| Untracked 
|  92|0x000000074b800000, 0x000000074b9574d0, 0x000000074ba00000| 67%| S|CS|TAMS 0x000000074b800000, 0x000000074b800000| Complete 
|  93|0x000000074ba00000, 0x000000074ba00000, 0x000000074bc00000|  0%| F|  |TAMS 0x000000074ba00000, 0x000000074ba00000| Untracked 
|  94|0x000000074bc00000, 0x000000074bc00000, 0x000000074be00000|  0%| F|  |TAMS 0x000000074bc00000, 0x000000074bc00000| Untracked 
|  95|0x000000074be00000, 0x000000074be55290, 0x000000074c000000| 16%| E|  |TAMS 0x000000074be00000, 0x000000074be00000| Complete 

Card table byte_map: [0x00000149a6930000,0x00000149a6f30000] _byte_map_base: 0x00000149a2f30000

Marking Bits (Prev, Next): (CMBitMap*) 0x000001499fd22f70, (CMBitMap*) 0x000001499fd22fb0
 Prev Bits: [0x00000149a7530000, 0x00000149aa530000)
 Next Bits: [0x00000149aa530000, 0x00000149ad530000)

Polling page: 0x000001499f460000

Metaspace:

Usage:
  Non-class:     11.92 MB used.
      Class:      1.36 MB used.
       Both:     13.28 MB used.

Virtual space:
  Non-class space:       16.00 MB reserved,      12.00 MB ( 75%) committed,  2 nodes.
      Class space:        1.00 GB reserved,       1.44 MB ( <1%) committed,  1 nodes.
             Both:        1.02 GB reserved,      13.44 MB (  1%) committed. 

Chunk freelists:
   Non-Class:  3.97 MB
       Class:  2.53 MB
        Both:  6.50 MB

MaxMetaspaceSize: unlimited
CompressedClassSpaceSize: 1.00 GB
Initial GC threshold: 21.00 MB
Current GC threshold: 21.00 MB
CDS: off
MetaspaceReclaimPolicy: balanced
 - commit_granule_bytes: 65536.
 - commit_granule_words: 8192.
 - virtual_space_node_default_size: 1048576.
 - enlarge_chunks_in_place: 1.
 - new_chunks_are_fully_committed: 0.
 - uncommit_free_chunks: 1.
 - use_allocation_guard: 0.
 - handle_deallocations: 1.


Internal statistics:

num_allocs_failed_limit: 0.
num_arena_births: 96.
num_arena_deaths: 0.
num_vsnodes_births: 3.
num_vsnodes_deaths: 0.
num_space_committed: 215.
num_space_uncommitted: 0.
num_chunks_returned_to_freelist: 0.
num_chunks_taken_from_freelist: 175.
num_chunk_merges: 0.
num_chunk_splits: 98.
num_chunks_enlarged: 53.
num_purges: 0.
num_inconsistent_stats: 0.

CodeCache: size=49152Kb used=3200Kb max_used=3200Kb free=45952Kb
 bounds [0x00000149a3330000, 0x00000149a3650000, 0x00000149a6330000]
 total_blobs=1490 nmethods=1052 adapters=365
 compilation: disabled (not enough contiguous free space left)
              stopped_count=1, restarted_count=0
 full_count=1

Compilation events (20 events):
Event: 1.806 Thread 0x00000149b007e4f0 nmethod 1044 0x00000149a364c090 code [0x00000149a364c220, 0x00000149a364c308]
Event: 1.806 Thread 0x00000149b0659100 1045       1       sun.util.locale.InternalLocaleBuilder::getBaseLocale (187 bytes)
Event: 1.807 Thread 0x00000149b007e4f0 1046       1       sun.util.locale.InternalLocaleBuilder::getLocaleExtensions (65 bytes)
Event: 1.807 Thread 0x00000149b0659100 nmethod 1045 0x00000149a364c390 code [0x00000149a364c600, 0x00000149a364cd38]
Event: 1.807 Thread 0x00000149b0659100 1047       1       sun.util.locale.LocaleUtils::isEmpty (19 bytes)
Event: 1.807 Thread 0x00000149b0659100 nmethod 1047 0x00000149a364d190 code [0x00000149a364d320, 0x00000149a364d408]
Event: 1.807 Thread 0x00000149b007e4f0 nmethod 1046 0x00000149a364d490 code [0x00000149a364d680, 0x00000149a364d968]
Event: 1.807 Thread 0x00000149b0659100 1048       1       sun.util.locale.LocaleObjectCache::normalizeKey (2 bytes)
Event: 1.807 Thread 0x00000149b0659100 nmethod 1048 0x00000149a364da90 code [0x00000149a364dc20, 0x00000149a364dcf8]
Event: 1.807 Thread 0x00000149b0659100 1049       1       sun.util.locale.BaseLocale$Cache::normalizeKey (9 bytes)
Event: 1.807 Thread 0x00000149b0659100 nmethod 1049 0x00000149a364dd90 code [0x00000149a364df20, 0x00000149a364e048]
Event: 1.807 Thread 0x00000149b007e4f0 1050       1       sun.util.locale.BaseLocale$Cache::normalizeKey (5 bytes)
Event: 1.808 Thread 0x00000149b007e4f0 nmethod 1050 0x00000149a364e110 code [0x00000149a364e2a0, 0x00000149a364e388]
Event: 1.808 Thread 0x00000149b0659100 1051       1       sun.util.locale.LocaleUtils::toTitleString (139 bytes)
Event: 1.808 Thread 0x00000149b0659100 nmethod 1051 0x00000149a364e410 code [0x00000149a364e640, 0x00000149a364eee8]
Event: 1.809 Thread 0x00000149b007e4f0 1052       1       sun.util.locale.BaseLocale$Cache::createObject (9 bytes)
Event: 1.809 Thread 0x00000149b0659100 1053       1       sun.util.locale.BaseLocale$Cache::createObject (8 bytes)
Event: 1.809 Thread 0x00000149b007e4f0 nmethod 1052 0x00000149a364f410 code [0x00000149a364f5c0, 0x00000149a364f778]
Event: 1.809 Thread 0x00000149b0659100 nmethod 1053 0x00000149a364f890 code [0x00000149a364fa40, 0x00000149a364fc08]
Event: 1.809 Thread 0x00000149b007e4f0 1054       1       java.util.Locale$Cache::createObject (6 bytes)

GC Heap History (4 events):
Event: 1.328 GC heap before
{Heap before GC invocations=0 (full 0):
 garbage-first heap   total 196608K, used 8192K [0x0000000740000000, 0x0000000800000000)
  region size 2048K, 4 young (8192K), 0 survivors (0K)
 Metaspace       used 9083K, committed 9216K, reserved 1064960K
  class space    used 872K, committed 960K, reserved 1048576K
}
Event: 1.350 GC heap after
{Heap after GC invocations=1 (full 0):
 garbage-first heap   total 196608K, used 4360K [0x0000000740000000, 0x0000000800000000)
  region size 2048K, 1 young (2048K), 1 survivors (2048K)
 Metaspace       used 9083K, committed 9216K, reserved 1064960K
  class space    used 872K, committed 960K, reserved 1048576K
}
Event: 1.791 GC heap before
{Heap before GC invocations=1 (full 0):
 garbage-first heap   total 196608K, used 10504K [0x0000000740000000, 0x0000000800000000)
  region size 2048K, 4 young (8192K), 1 survivors (2048K)
 Metaspace       used 13580K, committed 13760K, reserved 1064960K
  class space    used 1388K, committed 1472K, reserved 1048576K
}
Event: 1.797 GC heap after
{Heap after GC invocations=2 (full 0):
 garbage-first heap   total 196608K, used 5718K [0x0000000740000000, 0x0000000800000000)
  region size 2048K, 1 young (2048K), 1 survivors (2048K)
 Metaspace       used 13580K, committed 13760K, reserved 1064960K
  class space    used 1388K, committed 1472K, reserved 1048576K
}

Deoptimization events (2 events):
Event: 1.230 Thread 0x000001499fcddf40 DEOPT PACKING pc=0x00000149a34d3481 sp=0x0000003b05ffcfc0
Event: 1.230 Thread 0x000001499fcddf40 DEOPT UNPACKING pc=0x00000149a3386763 sp=0x0000003b05ffc430 mode 3

Classes unloaded (0 events):
No events

Classes redefined (0 events):
No events

Internal exceptions (13 events):
Event: 1.088 Thread 0x000001499fcddf40 Exception <a 'java/lang/NoSuchMethodError'{0x000000074b83cb40}: 'java.lang.Object java.lang.invoke.DirectMethodHandle$Holder.invokeStaticInit(java.lang.Object)'> (0x000000074b83cb40) 
thrown [e:\jenkins\tmp\workspace\build\src\src\hotspot\share\interpreter\linkResolver.cpp, line 766]
Event: 1.131 Thread 0x000001499fcddf40 Exception <a 'java/lang/NoSuchMethodError'{0x000000074b873288}: 'int java.lang.invoke.DirectMethodHandle$Holder.invokeInterface(java.lang.Object, java.lang.Object)'> (0x000000074b873288) 
thrown [e:\jenkins\tmp\workspace\build\src\src\hotspot\share\interpreter\linkResolver.cpp, line 766]
Event: 1.131 Thread 0x000001499fcddf40 Exception <a 'java/lang/IncompatibleClassChangeError'{0x000000074b876888}: Found class java.lang.Object, but interface was expected> (0x000000074b876888) 
thrown [e:\jenkins\tmp\workspace\build\src\src\hotspot\share\interpreter\linkResolver.cpp, line 833]
Event: 1.134 Thread 0x000001499fcddf40 Exception <a 'java/lang/NoSuchMethodError'{0x000000074b87c438}: 'void java.lang.invoke.DirectMethodHandle$Holder.invokeStatic(java.lang.Object, java.lang.Object)'> (0x000000074b87c438) 
thrown [e:\jenkins\tmp\workspace\build\src\src\hotspot\share\interpreter\linkResolver.cpp, line 766]
Event: 1.234 Thread 0x000001499fcddf40 Exception <a 'java/lang/NoSuchMethodError'{0x000000074b94a450}: 'int java.lang.invoke.DirectMethodHandle$Holder.invokeSpecial(java.lang.Object, java.lang.Object, java.lang.Object)'> (0x000000074b94a450) 
thrown [e:\jenkins\tmp\workspace\build\src\src\hotspot\share\interpreter\linkResolver.cpp, line 766]
Event: 1.364 Thread 0x000001499fcddf40 Exception <a 'java/lang/NoSuchMethodError'{0x000000074be63710}: 'void java.lang.invoke.DirectMethodHandle$Holder.invokeStatic(java.lang.Object, java.lang.Object, java.lang.Object)'> (0x000000074be63710) 
thrown [e:\jenkins\tmp\workspace\build\src\src\hotspot\share\interpreter\linkResolver.cpp, line 766]
Event: 1.412 Thread 0x000001499fcddf40 Exception <a 'java/lang/NoSuchMethodError'{0x000000074beae080}: 'int java.lang.invoke.DirectMethodHandle$Holder.invokeSpecialIFC(java.lang.Object, java.lang.Object, java.lang.Object)'> (0x000000074beae080) 
thrown [e:\jenkins\tmp\workspace\build\src\src\hotspot\share\interpreter\linkResolver.cpp, line 766]
Event: 1.452 Thread 0x000001499fcddf40 Exception <a 'java/lang/NoSuchMethodError'{0x000000074bf336f0}: 'java.lang.Object java.lang.invoke.DirectMethodHandle$Holder.invokeStaticInit(java.lang.Object, int, int, int, int)'> (0x000000074bf336f0) 
thrown [e:\jenkins\tmp\workspace\build\src\src\hotspot\share\interpreter\linkResolver.cpp, line 766]
Event: 1.566 Thread 0x000001499fcddf40 Exception <a 'java/lang/NoSuchMethodError'{0x000000074bc068e0}: 'java.lang.Object java.lang.invoke.DirectMethodHandle$Holder.invokeStaticInit(java.lang.Object, java.lang.Object, int, int, int, int)'> (0x000000074bc068e0) 
thrown [e:\jenkins\tmp\workspace\build\src\src\hotspot\share\interpreter\linkResolver.cpp, line 766]
Event: 1.581 Thread 0x000001499fcddf40 Exception <a 'java/lang/ClassNotFoundException'{0x000000074bc22058}: javax/management/remote/rmi/RMIServerImpl_Skel> (0x000000074bc22058) 
thrown [e:\jenkins\tmp\workspace\build\src\src\hotspot\share\classfile\systemDictionary.cpp, line 256]
Event: 1.654 Thread 0x000001499fcddf40 Exception <a 'java/lang/ClassNotFoundException'{0x000000074bcfaeb8}: jdk/internal/agent/resources/spi/agentProvider> (0x000000074bcfaeb8) 
thrown [e:\jenkins\tmp\workspace\build\src\src\hotspot\share\classfile\systemDictionary.cpp, line 256]
Event: 1.742 Thread 0x000001499fcddf40 Exception <a 'java/lang/ClassNotFoundException'{0x000000074bb1a400}: javax/smartcardio/CardPermission> (0x000000074bb1a400) 
thrown [e:\jenkins\tmp\workspace\build\src\src\hotspot\share\classfile\systemDictionary.cpp, line 256]
Event: 1.745 Thread 0x000001499fcddf40 Exception <a 'java/io/FileNotFoundException'{0x000000074bb28d60}> (0x000000074bb28d60) 
thrown [e:\jenkins\tmp\workspace\build\src\src\hotspot\share\prims\jni.cpp, line 516]

VM Operations (12 events):
Event: 0.754 Executing VM operation: HandshakeAllThreads
Event: 0.754 Executing VM operation: HandshakeAllThreads done
Event: 1.327 Executing VM operation: G1CollectForAllocation
Event: 1.350 Executing VM operation: G1CollectForAllocation done
Event: 1.377 Executing VM operation: HandshakeAllThreads
Event: 1.377 Executing VM operation: HandshakeAllThreads done
Event: 1.434 Executing VM operation: HandshakeAllThreads
Event: 1.434 Executing VM operation: HandshakeAllThreads done
Event: 1.581 Executing VM operation: HandshakeAllThreads
Event: 1.581 Executing VM operation: HandshakeAllThreads done
Event: 1.791 Executing VM operation: G1CollectForAllocation
Event: 1.798 Executing VM operation: G1CollectForAllocation done

Events (20 events):
Event: 1.783 loading class java/util/spi/TimeZoneNameProvider done
Event: 1.783 loading class sun/util/locale/provider/CalendarDataUtility$CalendarWeekParameterGetter
Event: 1.783 loading class sun/util/locale/provider/LocaleServiceProviderPool$LocalizedObjectGetter
Event: 1.783 loading class sun/util/locale/provider/LocaleServiceProviderPool$LocalizedObjectGetter done
Event: 1.783 loading class sun/util/locale/provider/CalendarDataUtility$CalendarWeekParameterGetter done
Event: 1.784 loading class sun/util/cldr/CLDRCalendarDataProviderImpl
Event: 1.784 loading class sun/util/locale/provider/CalendarDataProviderImpl
Event: 1.784 loading class sun/util/locale/provider/CalendarDataProviderImpl done
Event: 1.784 loading class sun/util/cldr/CLDRCalendarDataProviderImpl done
Event: 1.788 loading class sun/rmi/transport/tcp/TCPChannel
Event: 1.791 loading class sun/rmi/transport/Channel
Event: 1.791 loading class sun/rmi/transport/Channel done
Event: 1.791 loading class sun/rmi/transport/tcp/TCPChannel done
Event: 1.800 loading class sun/rmi/transport/tcp/TCPConnection
Event: 1.800 loading class sun/rmi/transport/Connection
Event: 1.800 loading class sun/rmi/transport/Connection done
Event: 1.800 loading class sun/rmi/transport/tcp/TCPConnection done
Event: 1.800 loading class sun/rmi/transport/StreamRemoteCall
Event: 1.801 loading class java/rmi/server/RemoteCall
Event: 1.801 loading class java/rmi/server/RemoteCall done


Dynamic libraries:
0x00007ff6971b0000 - 0x00007ff6971be000 	C:\Users\AkshayS13\Downloads\sts-4.13.1.RELEASE\plugins\org.eclipse.justj.openjdk.hotspot.jre.full.win32.x86_64_17.0.1.v20211116-1657\jre\bin\javaw.exe
0x00007fffcdbf0000 - 0x00007fffcdde7000 	C:\Windows\SYSTEM32\ntdll.dll
0x00007fffccbd0000 - 0x00007fffccc8d000 	C:\Windows\System32\KERNEL32.DLL
0x00007fffcb510000 - 0x00007fffcb7dd000 	C:\Windows\System32\KERNELBASE.dll
0x00007fffcb920000 - 0x00007fffcba20000 	C:\Windows\System32\ucrtbase.dll
0x00007fffa9770000 - 0x00007fffa9788000 	C:\Users\AkshayS13\Downloads\sts-4.13.1.RELEASE\plugins\org.eclipse.justj.openjdk.hotspot.jre.full.win32.x86_64_17.0.1.v20211116-1657\jre\bin\jli.dll
0x00007fffa8700000 - 0x00007fffa8719000 	C:\Users\AkshayS13\Downloads\sts-4.13.1.RELEASE\plugins\org.eclipse.justj.openjdk.hotspot.jre.full.win32.x86_64_17.0.1.v20211116-1657\jre\bin\VCRUNTIME140.dll
0x00007fffcbd90000 - 0x00007fffcbf30000 	C:\Windows\System32\USER32.dll
0x00007fffcb4e0000 - 0x00007fffcb502000 	C:\Windows\System32\win32u.dll
0x00007fffcbd60000 - 0x00007fffcbd8a000 	C:\Windows\System32\GDI32.dll
0x00007fffcba20000 - 0x00007fffcbb2b000 	C:\Windows\System32\gdi32full.dll
0x00007fffcbb30000 - 0x00007fffcbbcd000 	C:\Windows\System32\msvcp_win.dll
0x00007fffc8fe0000 - 0x00007fffc927a000 	C:\Windows\WinSxS\amd64_microsoft.windows.common-controls_6595b64144ccf1df_6.0.19041.1110_none_60b5254171f9507e\COMCTL32.dll
0x00007fffcd440000 - 0x00007fffcd4de000 	C:\Windows\System32\msvcrt.dll
0x00007fffcbf40000 - 0x00007fffcbf70000 	C:\Windows\System32\IMM32.DLL
0x00007fffcb0f0000 - 0x00007fffcb128000 	C:\Program Files\Citrix\System32\MfApHook64.dll
0x00007fffcb020000 - 0x00007fffcb032000 	C:\Program Files\Citrix\IcaService\FullScreenHook64.dll
0x00007fffcce70000 - 0x00007fffccf1e000 	C:\Windows\System32\ADVAPI32.dll
0x00007fffcd550000 - 0x00007fffcd5ec000 	C:\Windows\System32\sechost.dll
0x00007fffcbc30000 - 0x00007fffcbd55000 	C:\Windows\System32\RPCRT4.dll
0x00007fff9f960000 - 0x00007fff9f9f1000 	C:\Users\AkshayS13\Downloads\sts-4.13.1.RELEASE\plugins\org.eclipse.justj.openjdk.hotspot.jre.full.win32.x86_64_17.0.1.v20211116-1657\jre\bin\MSVCP140.dll
0x00007fffc1840000 - 0x00007fffc184c000 	C:\Users\AkshayS13\Downloads\sts-4.13.1.RELEASE\plugins\org.eclipse.justj.openjdk.hotspot.jre.full.win32.x86_64_17.0.1.v20211116-1657\jre\bin\VCRUNTIME140_1.dll
0x00007fffcab40000 - 0x00007fffcab6a000 	C:\Program Files\Citrix\ICAService\ShellHook64.dll
0x00007fffcdb20000 - 0x00007fffcdb75000 	C:\Windows\System32\SHLWAPI.dll
0x00007fffcaa30000 - 0x00007fffcab3f000 	C:\Program Files\Citrix\IcaService\SCardHook64.dll
0x00007fffca890000 - 0x00007fffca8b0000 	C:\Program Files\Citrix\ICAService\cxinjime64.dll
0x00007fffca860000 - 0x00007fffca886000 	C:\Program Files\Citrix\ICAService\PicaWtsHook64.dll
0x00007fff83c70000 - 0x00007fff848b6000 	C:\Users\AkshayS13\Downloads\sts-4.13.1.RELEASE\plugins\org.eclipse.justj.openjdk.hotspot.jre.full.win32.x86_64_17.0.1.v20211116-1657\jre\bin\server\jvm.dll
0x00007fffcbf30000 - 0x00007fffcbf38000 	C:\Windows\System32\PSAPI.DLL
0x00007fffb1130000 - 0x00007fffb1139000 	C:\Windows\SYSTEM32\WSOCK32.dll
0x00007fffc3dd0000 - 0x00007fffc3df7000 	C:\Windows\SYSTEM32\WINMM.dll
0x00007fffcd4e0000 - 0x00007fffcd54b000 	C:\Windows\System32\WS2_32.dll
0x00007fffcaed0000 - 0x00007fffcaeda000 	C:\Windows\SYSTEM32\VERSION.dll
0x00007fffc8810000 - 0x00007fffc8822000 	C:\Windows\SYSTEM32\kernel.appcore.dll
0x00007fffc5810000 - 0x00007fffc581a000 	C:\Users\AkshayS13\Downloads\sts-4.13.1.RELEASE\plugins\org.eclipse.justj.openjdk.hotspot.jre.full.win32.x86_64_17.0.1.v20211116-1657\jre\bin\jimage.dll
0x00007fffc81d0000 - 0x00007fffc83b4000 	C:\Windows\SYSTEM32\DBGHELP.DLL
0x00007fffc4ad0000 - 0x00007fffc4afc000 	C:\Windows\SYSTEM32\dbgcore.DLL
0x00007fffcb7e0000 - 0x00007fffcb862000 	C:\Windows\System32\bcryptPrimitives.dll
0x00007fffc1800000 - 0x00007fffc1825000 	C:\Users\AkshayS13\Downloads\sts-4.13.1.RELEASE\plugins\org.eclipse.justj.openjdk.hotspot.jre.full.win32.x86_64_17.0.1.v20211116-1657\jre\bin\java.dll
0x00007fffc57e0000 - 0x00007fffc57f8000 	C:\Users\AkshayS13\Downloads\sts-4.13.1.RELEASE\plugins\org.eclipse.justj.openjdk.hotspot.jre.full.win32.x86_64_17.0.1.v20211116-1657\jre\bin\zip.dll
0x00007fffcc2d0000 - 0x00007fffcca14000 	C:\Windows\System32\SHELL32.dll
0x00007fffc8840000 - 0x00007fffc8fd4000 	C:\Windows\SYSTEM32\windows.storage.dll
0x00007fffcbf70000 - 0x00007fffcc2c4000 	C:\Windows\System32\combase.dll
0x00007fffca510000 - 0x00007fffca53c000 	C:\Windows\SYSTEM32\Wldp.dll
0x00007fffcd190000 - 0x00007fffcd23d000 	C:\Windows\System32\SHCORE.dll
0x00007fffcb220000 - 0x00007fffcb23f000 	C:\Windows\SYSTEM32\profapi.dll
0x00007fffc5790000 - 0x00007fffc57a9000 	C:\Users\AkshayS13\Downloads\sts-4.13.1.RELEASE\plugins\org.eclipse.justj.openjdk.hotspot.jre.full.win32.x86_64_17.0.1.v20211116-1657\jre\bin\net.dll
0x00007fffc9ad0000 - 0x00007fffc9bda000 	C:\Windows\SYSTEM32\WINHTTP.dll
0x00007fffca1c0000 - 0x00007fffca22a000 	C:\Windows\system32\mswsock.dll
0x00007fffc2c50000 - 0x00007fffc2c65000 	C:\Users\AkshayS13\Downloads\sts-4.13.1.RELEASE\plugins\org.eclipse.justj.openjdk.hotspot.jre.full.win32.x86_64_17.0.1.v20211116-1657\jre\bin\nio.dll
0x00007fffbdf60000 - 0x00007fffbdf69000 	C:\Users\AkshayS13\Downloads\sts-4.13.1.RELEASE\plugins\org.eclipse.justj.openjdk.hotspot.jre.full.win32.x86_64_17.0.1.v20211116-1657\jre\bin\management.dll
0x00007fffbd3c0000 - 0x00007fffbd3cb000 	C:\Users\AkshayS13\Downloads\sts-4.13.1.RELEASE\plugins\org.eclipse.justj.openjdk.hotspot.jre.full.win32.x86_64_17.0.1.v20211116-1657\jre\bin\management_ext.dll
0x00007fffc0040000 - 0x00007fffc0057000 	C:\Windows\system32\napinsp.dll
0x00007fffc0020000 - 0x00007fffc003b000 	C:\Windows\system32\pnrpnsp.dll
0x00007fffc0410000 - 0x00007fffc0425000 	C:\Windows\system32\wshbth.dll
0x00007fffc5e60000 - 0x00007fffc5e7d000 	C:\Windows\system32\NLAapi.dll
0x00007fffc9ec0000 - 0x00007fffc9efb000 	C:\Windows\SYSTEM32\IPHLPAPI.DLL
0x00007fffc9f00000 - 0x00007fffc9fcb000 	C:\Windows\SYSTEM32\DNSAPI.dll
0x00007fffcda80000 - 0x00007fffcda88000 	C:\Windows\System32\NSI.dll
0x00007fffc0430000 - 0x00007fffc0442000 	C:\Windows\System32\winrnr.dll
0x00007fffc4e60000 - 0x00007fffc4e6a000 	C:\Windows\System32\rasadhlp.dll
0x00007fffc58d0000 - 0x00007fffc5950000 	C:\Windows\System32\fwpuclnt.dll
0x00007fffcb440000 - 0x00007fffcb467000 	C:\Windows\System32\bcrypt.dll
0x00007fffca3c0000 - 0x00007fffca3d8000 	C:\Windows\SYSTEM32\CRYPTSP.dll
0x00007fffc9a40000 - 0x00007fffc9a74000 	C:\Windows\system32\rsaenh.dll
0x00007fffcb1a0000 - 0x00007fffcb1ce000 	C:\Windows\SYSTEM32\USERENV.dll
0x00007fffca3b0000 - 0x00007fffca3bc000 	C:\Windows\SYSTEM32\CRYPTBASE.dll
0x00007fffc51c0000 - 0x00007fffc51d7000 	C:\Windows\SYSTEM32\dhcpcsvc6.DLL
0x00007fffc5560000 - 0x00007fffc557d000 	C:\Windows\SYSTEM32\dhcpcsvc.DLL
0x00007fffc54a0000 - 0x00007fffc54b0000 	C:\Users\AkshayS13\Downloads\sts-4.13.1.RELEASE\plugins\org.eclipse.justj.openjdk.hotspot.jre.full.win32.x86_64_17.0.1.v20211116-1657\jre\bin\verify.dll

dbghelp: loaded successfully - version: 4.0.5 - missing functions: none
symbol engine: initialized successfully - sym options: 0x614 - pdb path: .;C:\Users\AkshayS13\Downloads\sts-4.13.1.RELEASE\plugins\org.eclipse.justj.openjdk.hotspot.jre.full.win32.x86_64_17.0.1.v20211116-1657\jre\bin;C:\Windows\SYSTEM32;C:\Windows\WinSxS\amd64_microsoft.windows.common-controls_6595b64144ccf1df_6.0.19041.1110_none_60b5254171f9507e;C:\Program Files\Citrix\System32;C:\Program Files\Citrix\IcaService;C:\Users\AkshayS13\Downloads\sts-4.13.1.RELEASE\plugins\org.eclipse.justj.openjdk.hotspot.jre.full.win32.x86_64_17.0.1.v20211116-1657\jre\bin\server

VM Arguments:
jvm_args: -Dcom.sun.management.jmxremote -Dcom.sun.management.jmxremote.port=50680 -Dcom.sun.management.jmxremote.authenticate=false -Dcom.sun.management.jmxremote.ssl=false -Djava.rmi.server.hostname=localhost -Dspring.jmx.enabled=true -Dspring.application.admin.enabled=true -XX:TieredStopAtLevel=1 -Dspring.boot.project.name=SpringRESTwithDB -Dfile.encoding=UTF-8 -XX:+ShowCodeDetailsInExceptionMessages 
java_command: com.springrest.DemoApplication --spring.output.ansi.enabled=always
java_class_path (initial): C:\Users\AkshayS13\sts-new-workspace\SpringRESTwithDB\target\classes;C:\Users\AkshayS13\.m2\repository\org\springframework\boot\spring-boot-starter-data-jpa\2.7.2\spring-boot-starter-data-jpa-2.7.2.jar;C:\Users\AkshayS13\.m2\repository\org\springframework\boot\spring-boot-starter-aop\2.7.2\spring-boot-starter-aop-2.7.2.jar;C:\Users\AkshayS13\.m2\repository\org\springframework\spring-aop\5.3.22\spring-aop-5.3.22.jar;C:\Users\AkshayS13\.m2\repository\org\aspectj\aspectjweaver\1.9.7\aspectjweaver-1.9.7.jar;C:\Users\AkshayS13\.m2\repository\org\springframework\boot\spring-boot-starter-jdbc\2.7.2\spring-boot-starter-jdbc-2.7.2.jar;C:\Users\AkshayS13\.m2\repository\com\zaxxer\HikariCP\4.0.3\HikariCP-4.0.3.jar;C:\Users\AkshayS13\.m2\repository\org\springframework\spring-jdbc\5.3.22\spring-jdbc-5.3.22.jar;C:\Users\AkshayS13\.m2\repository\jakarta\transaction\jakarta.transaction-api\1.3.3\jakarta.transaction-api-1.3.3.jar;C:\Users\AkshayS13\.m2\repository\jakarta\persistence\jakarta.persistence-api\2.2.3\jakarta.persistence-api-2.2.3.jar;C:\Users\AkshayS13\.m2\repository\org\hibernate\hibernate-core\5.6.10.Final\hibernate-core-5.6.10.Final.jar;C:\Users\AkshayS13\.m2\repository\org\jboss\logging\jboss-logging\3.4.3.Final\jboss-logging-3.4.3.Final.jar;C:\Users\AkshayS13\.m2\repository\net\bytebuddy\byte-buddy\1.12.12\byte-buddy-1.12.12.jar;C:\Users\AkshayS13\.m2\repository\antlr\antlr\2.7.7\antlr-2.7.7.jar;C:\Users\AkshayS13\.m2\repository\org\jboss\jandex\2.4.2.Final\jandex-2.4.2.Final.jar;C:\Users\AkshayS13\.m2\repository\com\fasterxml\classmate\1.5.1\classmate-1.5.1.jar;C:\Users\AkshayS13\.m2\repository\org\hibernate\common\hibernate-commons-annotations\5.1.2.Final\hibernate-commons-annotations-5.1.2.Final.jar;C:\Users\AkshayS13\.m2\repository\org\glassfish\jaxb\jaxb-runtime\2.3.6\jaxb-runtime-2.3.6.jar;C:\Users\AkshayS13\.m2\repository\org\glassfish\jaxb\txw2\2.3.6\txw2-2.3.6.jar;C:\Users\AkshayS13\.m2\repository\com\sun\istack\istack-commons-r
Launcher Type: SUN_STANDARD

[Global flags]
     intx CICompilerCount                          = 2                                         {product} {ergonomic}
     uint ConcGCThreads                            = 1                                         {product} {ergonomic}
     uint G1ConcRefinementThreads                  = 2                                         {product} {ergonomic}
   size_t G1HeapRegionSize                         = 2097152                                   {product} {ergonomic}
    uintx GCDrainStackTargetSize                   = 64                                        {product} {ergonomic}
   size_t InitialHeapSize                          = 201326592                                 {product} {ergonomic}
     bool ManagementServer                         = true                                      {product} {command line}
   size_t MarkStackSize                            = 4194304                                   {product} {ergonomic}
   size_t MaxHeapSize                              = 3221225472                                {product} {ergonomic}
   size_t MaxNewSize                               = 1931476992                                {product} {ergonomic}
   size_t MinHeapDeltaBytes                        = 2097152                                   {product} {ergonomic}
   size_t MinHeapSize                              = 8388608                                   {product} {ergonomic}
    uintx NonProfiledCodeHeapSize                  = 0                                      {pd product} {ergonomic}
     bool ProfileInterpreter                       = false                                  {pd product} {command line}
    uintx ProfiledCodeHeapSize                     = 0                                      {pd product} {ergonomic}
     bool ShowCodeDetailsInExceptionMessages       = true                                   {manageable} {command line}
   size_t SoftMaxHeapSize                          = 3221225472                             {manageable} {ergonomic}
     intx TieredStopAtLevel                        = 1                                         {product} {command line}
     bool UseCompressedClassPointers               = true                           {product lp64_product} {ergonomic}
     bool UseCompressedOops                        = true                           {product lp64_product} {ergonomic}
     bool UseG1GC                                  = true                                      {product} {ergonomic}
     bool UseLargePagesIndividualAllocation        = false                                  {pd product} {ergonomic}

Logging:
Log output configuration:
 #0: stdout all=warning uptime,level,tags
 #1: stderr all=off uptime,level,tags

Environment Variables:
PATH=C:/Users/AkshayS13/Downloads/sts-4.13.1.RELEASE//plugins/org.eclipse.justj.openjdk.hotspot.jre.full.win32.x86_64_17.0.1.v20211116-1657/jre/bin/server;C:/Users/AkshayS13/Downloads/sts-4.13.1.RELEASE//plugins/org.eclipse.justj.openjdk.hotspot.jre.full.win32.x86_64_17.0.1.v20211116-1657/jre/bin;C:\Program Files (x86)\Common Files\Oracle\Java\javapath;C:\Windows\system32;C:\Windows;C:\Windows\System32\Wbem;C:\Windows\System32\WindowsPowerShell\v1.0\;C:\Windows\System32\OpenSSH\;C:\Program Files (x86)\CheckPoint\Endpoint Security\Endpoint Common\bin;C:\Program Files\Citrix\System32\;C:\Program Files\Citrix\ICAService\;C:\Program Files\nodejs\;C:\Program Files (x86)\Microsoft SQL Server\150\Tools\Binn\;C:\Program Files\Microsoft SQL Server\150\Tools\Binn\;C:\Program Files (x86)\Microsoft SQL Server\150\DTS\Binn\;C:\Program Files\Microsoft SQL Server\150\DTS\Binn\;C:\Program Files\Microsoft SQL Server\Client SDK\ODBC\170\Tools\Binn\;C:\Program Files\Azure Data Studio\bin;C:\Users\AkshayS13\AppData\Local\Microsoft\WindowsApps;C:\Users\AkshayS13\AppData\Roaming\npm;C:\Users\AkshayS13\AppData\Local\Programs\Microsoft VS Code\bin;C:\Users\AkshayS13\AppData\Local\Programs\Git\cmd;C:\Users\AkshayS13\Downloads\sts-4.13.1.RELEASE;
USERNAME=AkshayS13
OS=Windows_NT
PROCESSOR_IDENTIFIER=Intel64 Family 6 Model 85 Stepping 7, GenuineIntel



---------------  S Y S T E M  ---------------

OS:
 Windows 10 , 64 bit Build 19041 (10.0.19041.1741)
OS uptime: 29 days 2:01 hours
VMWare virtualization detected

CPU: total 2 (initial active 2) (2 cores per cpu, 1 threads per core) family 6 model 85 stepping 7 microcode 0x5003103, cx8, cmov, fxsr, mmx, 3dnowpref, sse, sse2, sse3, ssse3, sse4.1, sse4.2, popcnt, lzcnt, tsc, tscinvbit, avx, avx2, aes, erms, clmul, bmi1, bmi2, adx, avx512f, avx512dq, avx512cd, avx512bw, avx512vl, fma, vzeroupper, clflush, clflushopt, clwb, hv

Memory: 4k page, system-wide physical 12287M (570M free)
TotalPageFile size 16383M (AvailPageFile size 5M)
current process WorkingSet (physical memory assigned to process): 66M, peak: 66M
current process commit charge ("private bytes"): 271M, peak: 271M

vm_info: OpenJDK 64-Bit Server VM (17.0.1+12) for windows-amd64 JRE (17.0.1+12), built on Oct 20 2021 07:42:55 by "" with MS VC++ 16.7 (VS2019)

END.
