#
# There is insufficient memory for the Java Runtime Environment to continue.
# Native memory allocation (mmap) failed to map 201326592 bytes for G1 virtual space
# Possible reasons:
#   The system is out of physical RAM or swap space
#   The process is running with CompressedOops enabled, and the Java Heap may be blocking the growth of the native heap
# Possible solutions:
#   Reduce memory load on the system
#   Increase physical memory or swap space
#   Check if swap backing store is full
#   Decrease Java heap size (-Xmx/-Xms)
#   Decrease number of Java threads
#   Decrease Java thread stack sizes (-Xss)
#   Set larger code cache with -XX:ReservedCodeCacheSize=
#   JVM is running with Zero Based Compressed Oops mode in which the Java heap is
#     placed in the first 32GB address space. The Java Heap base address is the
#     maximum limit for the native heap growth. Please use -XX:HeapBaseMinAddress
#     to set the Java Heap base and to place the Java Heap above 32GB virtual address.
# This output file may be truncated or incomplete.
#
#  Out of Memory Error (os_windows.cpp:3469), pid=12056, tid=1480
#
# JRE version:  (17.0.1+12) (build )
# Java VM: OpenJDK 64-Bit Server VM (17.0.1+12, mixed mode, emulated-client, sharing, tiered, compressed oops, compressed class ptrs, g1 gc, windows-amd64)
# No core dump will be written. Minidumps are not enabled by default on client versions of Windows
#

---------------  S U M M A R Y ------------

Command Line: -Dcom.sun.management.jmxremote -Dcom.sun.management.jmxremote.port=50710 -Dcom.sun.management.jmxremote.authenticate=false -Dcom.sun.management.jmxremote.ssl=false -Djava.rmi.server.hostname=localhost -Dspring.jmx.enabled=true -Dspring.application.admin.enabled=true -XX:TieredStopAtLevel=1 -Dspring.boot.project.name=SpringRESTwithDB -Dfile.encoding=UTF-8 -XX:+ShowCodeDetailsInExceptionMessages com.springrest.DemoApplication --spring.output.ansi.enabled=always

Host: Intel(R) Xeon(R) Gold 6258R CPU @ 2.70GHz, 2 cores, 11G,  Windows 10 , 64 bit Build 19041 (10.0.19041.1741)
Time: Mon Jul 25 00:00:51 2022 India Standard Time elapsed time: 0.117459 seconds (0d 0h 0m 0s)

---------------  T H R E A D  ---------------

Current thread (0x000002afa4c7e2a0):  JavaThread "Unknown thread" [_thread_in_vm, id=1480, stack(0x000000f241000000,0x000000f241100000)]

Stack: [0x000000f241000000,0x000000f241100000]
Native frames: (J=compiled Java code, j=interpreted, Vv=VM code, C=native code)
V  [jvm.dll+0x6744da]
V  [jvm.dll+0x82e144]
V  [jvm.dll+0x82f8ee]
V  [jvm.dll+0x82ff53]
V  [jvm.dll+0x245175]
V  [jvm.dll+0x6714c9]
V  [jvm.dll+0x665f92]
V  [jvm.dll+0x303c3b]
V  [jvm.dll+0x30b176]
V  [jvm.dll+0x35af1e]
V  [jvm.dll+0x35b14f]
V  [jvm.dll+0x2dab78]
V  [jvm.dll+0x2dbae4]
V  [jvm.dll+0x7ffdf1]
V  [jvm.dll+0x368c91]
V  [jvm.dll+0x7df2cc]
V  [jvm.dll+0x3eb59f]
V  [jvm.dll+0x3ed121]
C  [jli.dll+0x5277]
C  [ucrtbase.dll+0x21bb2]
C  [KERNEL32.DLL+0x17034]
C  [ntdll.dll+0x52651]


---------------  P R O C E S S  ---------------

Threads class SMR info:
_java_thread_list=0x00007fff84784e58, length=0, elements={
}

Java Threads: ( => current thread )

Other Threads:
  0x000002afa4cc23d0 GCTaskThread "GC Thread#0" [stack: 0x000000f241200000,0x000000f241300000] [id=13168]
  0x000002afa4ccf1b0 ConcurrentGCThread "G1 Main Marker" [stack: 0x000000f241300000,0x000000f241400000] [id=10896]
  0x000002afa4cd2d80 ConcurrentGCThread "G1 Conc#0" [stack: 0x000000f241400000,0x000000f241500000] [id=1404]

[error occurred during error reporting (printing all threads), id 0xc0000005, EXCEPTION_ACCESS_VIOLATION (0xc0000005) at pc=0x00007fff83f5b5f7]

VM state: not at safepoint (not fully initialized)

VM Mutex/Monitor currently owned by a thread:  ([mutex/lock_event])
[0x000002afa4c79170] Heap_lock - owner thread: 0x000002afa4c7e2a0

Heap address: 0x0000000740000000, size: 3072 MB, Compressed Oops mode: Zero based, Oop shift amount: 3

CDS archive(s) mapped at: [0x0000000000000000-0x0000000000000000-0x0000000000000000), size 0, SharedBaseAddress: 0x0000000800000000, ArchiveRelocationMode: 0.
Narrow klass base: 0x0000000000000000, Narrow klass shift: 0, Narrow klass range: 0x0

GC Precious Log:
<Empty>

Heap:
 garbage-first heap   total 0K, used 0K [0x0000000740000000, 0x0000000800000000)
  region size 2048K, 0 young (0K), 0 survivors (0K)

[error occurred during error reporting (printing heap information), id 0xc0000005, EXCEPTION_ACCESS_VIOLATION (0xc0000005) at pc=0x00007fff8433d729]

GC Heap History (0 events):
No events

Deoptimization events (0 events):
No events

Classes unloaded (0 events):
No events

Classes redefined (0 events):
No events

Internal exceptions (0 events):
No events

VM Operations (0 events):
No events

Events (1 events):
Event: 0.058 Loaded shared library C:\Users\AkshayS13\Downloads\sts-4.13.1.RELEASE\plugins\org.eclipse.justj.openjdk.hotspot.jre.full.win32.x86_64_17.0.1.v20211116-1657\jre\bin\java.dll


Dynamic libraries:
0x00007ff6971b0000 - 0x00007ff6971be000 	C:\Users\AkshayS13\Downloads\sts-4.13.1.RELEASE\plugins\org.eclipse.justj.openjdk.hotspot.jre.full.win32.x86_64_17.0.1.v20211116-1657\jre\bin\javaw.exe
0x00007fffcdbf0000 - 0x00007fffcdde7000 	C:\Windows\SYSTEM32\ntdll.dll
0x00007fffccbd0000 - 0x00007fffccc8d000 	C:\Windows\System32\KERNEL32.DLL
0x00007fffcb510000 - 0x00007fffcb7dd000 	C:\Windows\System32\KERNELBASE.dll
0x00007fffcb920000 - 0x00007fffcba20000 	C:\Windows\System32\ucrtbase.dll
0x00007fffa9770000 - 0x00007fffa9788000 	C:\Users\AkshayS13\Downloads\sts-4.13.1.RELEASE\plugins\org.eclipse.justj.openjdk.hotspot.jre.full.win32.x86_64_17.0.1.v20211116-1657\jre\bin\jli.dll
0x00007fffcbd90000 - 0x00007fffcbf30000 	C:\Windows\System32\USER32.dll
0x00007fffcb4e0000 - 0x00007fffcb502000 	C:\Windows\System32\win32u.dll
0x00007fffcbd60000 - 0x00007fffcbd8a000 	C:\Windows\System32\GDI32.dll
0x00007fffcba20000 - 0x00007fffcbb2b000 	C:\Windows\System32\gdi32full.dll
0x00007fffcbb30000 - 0x00007fffcbbcd000 	C:\Windows\System32\msvcp_win.dll
0x00007fffa8700000 - 0x00007fffa8719000 	C:\Users\AkshayS13\Downloads\sts-4.13.1.RELEASE\plugins\org.eclipse.justj.openjdk.hotspot.jre.full.win32.x86_64_17.0.1.v20211116-1657\jre\bin\VCRUNTIME140.dll
0x00007fffc8fe0000 - 0x00007fffc927a000 	C:\Windows\WinSxS\amd64_microsoft.windows.common-controls_6595b64144ccf1df_6.0.19041.1110_none_60b5254171f9507e\COMCTL32.dll
0x00007fffcd440000 - 0x00007fffcd4de000 	C:\Windows\System32\msvcrt.dll
0x00007fffcbf40000 - 0x00007fffcbf70000 	C:\Windows\System32\IMM32.DLL
0x00007fffcb0f0000 - 0x00007fffcb128000 	C:\Program Files\Citrix\System32\MfApHook64.dll
0x00007fffcb020000 - 0x00007fffcb032000 	C:\Program Files\Citrix\IcaService\FullScreenHook64.dll
0x00007fffcce70000 - 0x00007fffccf1e000 	C:\Windows\System32\ADVAPI32.dll
0x00007fffcd550000 - 0x00007fffcd5ec000 	C:\Windows\System32\sechost.dll
0x00007fffcbc30000 - 0x00007fffcbd55000 	C:\Windows\System32\RPCRT4.dll
0x00007fff9f960000 - 0x00007fff9f9f1000 	C:\Users\AkshayS13\Downloads\sts-4.13.1.RELEASE\plugins\org.eclipse.justj.openjdk.hotspot.jre.full.win32.x86_64_17.0.1.v20211116-1657\jre\bin\MSVCP140.dll
0x00007fffc1840000 - 0x00007fffc184c000 	C:\Users\AkshayS13\Downloads\sts-4.13.1.RELEASE\plugins\org.eclipse.justj.openjdk.hotspot.jre.full.win32.x86_64_17.0.1.v20211116-1657\jre\bin\VCRUNTIME140_1.dll
0x00007fffcab40000 - 0x00007fffcab6a000 	C:\Program Files\Citrix\ICAService\ShellHook64.dll
0x00007fffcdb20000 - 0x00007fffcdb75000 	C:\Windows\System32\SHLWAPI.dll
0x00007fffcaa30000 - 0x00007fffcab3f000 	C:\Program Files\Citrix\IcaService\SCardHook64.dll
0x00007fffca890000 - 0x00007fffca8b0000 	C:\Program Files\Citrix\ICAService\cxinjime64.dll
0x00007fffca860000 - 0x00007fffca886000 	C:\Program Files\Citrix\ICAService\PicaWtsHook64.dll
0x00007fff83c70000 - 0x00007fff848b6000 	C:\Users\AkshayS13\Downloads\sts-4.13.1.RELEASE\plugins\org.eclipse.justj.openjdk.hotspot.jre.full.win32.x86_64_17.0.1.v20211116-1657\jre\bin\server\jvm.dll
0x00007fffcbf30000 - 0x00007fffcbf38000 	C:\Windows\System32\PSAPI.DLL
0x00007fffb1130000 - 0x00007fffb1139000 	C:\Windows\SYSTEM32\WSOCK32.dll
0x00007fffcd4e0000 - 0x00007fffcd54b000 	C:\Windows\System32\WS2_32.dll
0x00007fffc3dd0000 - 0x00007fffc3df7000 	C:\Windows\SYSTEM32\WINMM.dll
0x00007fffcaed0000 - 0x00007fffcaeda000 	C:\Windows\SYSTEM32\VERSION.dll
0x00007fffc8810000 - 0x00007fffc8822000 	C:\Windows\SYSTEM32\kernel.appcore.dll
0x00007fffc5810000 - 0x00007fffc581a000 	C:\Users\AkshayS13\Downloads\sts-4.13.1.RELEASE\plugins\org.eclipse.justj.openjdk.hotspot.jre.full.win32.x86_64_17.0.1.v20211116-1657\jre\bin\jimage.dll
0x00007fffc81d0000 - 0x00007fffc83b4000 	C:\Windows\SYSTEM32\DBGHELP.DLL
0x00007fffc4ad0000 - 0x00007fffc4afc000 	C:\Windows\SYSTEM32\dbgcore.DLL
0x00007fffcb7e0000 - 0x00007fffcb862000 	C:\Windows\System32\bcryptPrimitives.dll
0x00007fffc1800000 - 0x00007fffc1825000 	C:\Users\AkshayS13\Downloads\sts-4.13.1.RELEASE\plugins\org.eclipse.justj.openjdk.hotspot.jre.full.win32.x86_64_17.0.1.v20211116-1657\jre\bin\java.dll

dbghelp: loaded successfully - version: 4.0.5 - missing functions: none
symbol engine: initialized successfully - sym options: 0x614 - pdb path: .;C:\Users\AkshayS13\Downloads\sts-4.13.1.RELEASE\plugins\org.eclipse.justj.openjdk.hotspot.jre.full.win32.x86_64_17.0.1.v20211116-1657\jre\bin;C:\Windows\SYSTEM32;C:\Windows\WinSxS\amd64_microsoft.windows.common-controls_6595b64144ccf1df_6.0.19041.1110_none_60b5254171f9507e;C:\Program Files\Citrix\System32;C:\Program Files\Citrix\IcaService;C:\Users\AkshayS13\Downloads\sts-4.13.1.RELEASE\plugins\org.eclipse.justj.openjdk.hotspot.jre.full.win32.x86_64_17.0.1.v20211116-1657\jre\bin\server

VM Arguments:
jvm_args: -Dcom.sun.management.jmxremote -Dcom.sun.management.jmxremote.port=50710 -Dcom.sun.management.jmxremote.authenticate=false -Dcom.sun.management.jmxremote.ssl=false -Djava.rmi.server.hostname=localhost -Dspring.jmx.enabled=true -Dspring.application.admin.enabled=true -XX:TieredStopAtLevel=1 -Dspring.boot.project.name=SpringRESTwithDB -Dfile.encoding=UTF-8 -XX:+ShowCodeDetailsInExceptionMessages 
java_command: com.springrest.DemoApplication --spring.output.ansi.enabled=always
java_class_path (initial): C:\Users\AkshayS13\sts-new-workspace\SpringRESTwithDB\target\classes;C:\Users\AkshayS13\.m2\repository\org\springframework\boot\spring-boot-starter-data-jpa\2.7.2\spring-boot-starter-data-jpa-2.7.2.jar;C:\Users\AkshayS13\.m2\repository\org\springframework\boot\spring-boot-starter-aop\2.7.2\spring-boot-starter-aop-2.7.2.jar;C:\Users\AkshayS13\.m2\repository\org\springframework\spring-aop\5.3.22\spring-aop-5.3.22.jar;C:\Users\AkshayS13\.m2\repository\org\aspectj\aspectjweaver\1.9.7\aspectjweaver-1.9.7.jar;C:\Users\AkshayS13\.m2\repository\org\springframework\boot\spring-boot-starter-jdbc\2.7.2\spring-boot-starter-jdbc-2.7.2.jar;C:\Users\AkshayS13\.m2\repository\com\zaxxer\HikariCP\4.0.3\HikariCP-4.0.3.jar;C:\Users\AkshayS13\.m2\repository\org\springframework\spring-jdbc\5.3.22\spring-jdbc-5.3.22.jar;C:\Users\AkshayS13\.m2\repository\jakarta\transaction\jakarta.transaction-api\1.3.3\jakarta.transaction-api-1.3.3.jar;C:\Users\AkshayS13\.m2\repository\jakarta\persistence\jakarta.persistence-api\2.2.3\jakarta.persistence-api-2.2.3.jar;C:\Users\AkshayS13\.m2\repository\org\hibernate\hibernate-core\5.6.10.Final\hibernate-core-5.6.10.Final.jar;C:\Users\AkshayS13\.m2\repository\org\jboss\logging\jboss-logging\3.4.3.Final\jboss-logging-3.4.3.Final.jar;C:\Users\AkshayS13\.m2\repository\net\bytebuddy\byte-buddy\1.12.12\byte-buddy-1.12.12.jar;C:\Users\AkshayS13\.m2\repository\antlr\antlr\2.7.7\antlr-2.7.7.jar;C:\Users\AkshayS13\.m2\repository\org\jboss\jandex\2.4.2.Final\jandex-2.4.2.Final.jar;C:\Users\AkshayS13\.m2\repository\com\fasterxml\classmate\1.5.1\classmate-1.5.1.jar;C:\Users\AkshayS13\.m2\repository\org\hibernate\common\hibernate-commons-annotations\5.1.2.Final\hibernate-commons-annotations-5.1.2.Final.jar;C:\Users\AkshayS13\.m2\repository\org\glassfish\jaxb\jaxb-runtime\2.3.6\jaxb-runtime-2.3.6.jar;C:\Users\AkshayS13\.m2\repository\org\glassfish\jaxb\txw2\2.3.6\txw2-2.3.6.jar;C:\Users\AkshayS13\.m2\repository\com\sun\istack\istack-commons-r
Launcher Type: SUN_STANDARD

[Global flags]
     intx CICompilerCount                          = 2                                         {product} {ergonomic}
     uint ConcGCThreads                            = 1                                         {product} {ergonomic}
     uint G1ConcRefinementThreads                  = 2                                         {product} {ergonomic}
   size_t G1HeapRegionSize                         = 2097152                                   {product} {ergonomic}
    uintx GCDrainStackTargetSize                   = 64                                        {product} {ergonomic}
   size_t InitialHeapSize                          = 201326592                                 {product} {ergonomic}
     bool ManagementServer                         = true                                      {product} {command line}
   size_t MarkStackSize                            = 4194304                                   {product} {ergonomic}
   size_t MaxHeapSize                              = 3221225472                                {product} {ergonomic}
   size_t MinHeapDeltaBytes                        = 2097152                                   {product} {ergonomic}
   size_t MinHeapSize                              = 8388608                                   {product} {ergonomic}
    uintx NonProfiledCodeHeapSize                  = 0                                      {pd product} {ergonomic}
     bool ProfileInterpreter                       = false                                  {pd product} {command line}
    uintx ProfiledCodeHeapSize                     = 0                                      {pd product} {ergonomic}
     bool ShowCodeDetailsInExceptionMessages       = true                                   {manageable} {command line}
   size_t SoftMaxHeapSize                          = 3221225472                             {manageable} {ergonomic}
     intx TieredStopAtLevel                        = 1                                         {product} {command line}
     bool UseCompressedClassPointers               = true                           {product lp64_product} {ergonomic}
     bool UseCompressedOops                        = true                           {product lp64_product} {ergonomic}
     bool UseG1GC                                  = true                                      {product} {ergonomic}
     bool UseLargePagesIndividualAllocation        = false                                  {pd product} {ergonomic}

Logging:
Log output configuration:
 #0: stdout all=warning uptime,level,tags
 #1: stderr all=off uptime,level,tags

Environment Variables:
PATH=C:/Users/AkshayS13/Downloads/sts-4.13.1.RELEASE//plugins/org.eclipse.justj.openjdk.hotspot.jre.full.win32.x86_64_17.0.1.v20211116-1657/jre/bin/server;C:/Users/AkshayS13/Downloads/sts-4.13.1.RELEASE//plugins/org.eclipse.justj.openjdk.hotspot.jre.full.win32.x86_64_17.0.1.v20211116-1657/jre/bin;C:\Program Files (x86)\Common Files\Oracle\Java\javapath;C:\Windows\system32;C:\Windows;C:\Windows\System32\Wbem;C:\Windows\System32\WindowsPowerShell\v1.0\;C:\Windows\System32\OpenSSH\;C:\Program Files (x86)\CheckPoint\Endpoint Security\Endpoint Common\bin;C:\Program Files\Citrix\System32\;C:\Program Files\Citrix\ICAService\;C:\Program Files\nodejs\;C:\Program Files (x86)\Microsoft SQL Server\150\Tools\Binn\;C:\Program Files\Microsoft SQL Server\150\Tools\Binn\;C:\Program Files (x86)\Microsoft SQL Server\150\DTS\Binn\;C:\Program Files\Microsoft SQL Server\150\DTS\Binn\;C:\Program Files\Microsoft SQL Server\Client SDK\ODBC\170\Tools\Binn\;C:\Program Files\Azure Data Studio\bin;C:\Users\AkshayS13\AppData\Local\Microsoft\WindowsApps;C:\Users\AkshayS13\AppData\Roaming\npm;C:\Users\AkshayS13\AppData\Local\Programs\Microsoft VS Code\bin;C:\Users\AkshayS13\AppData\Local\Programs\Git\cmd;C:\Users\AkshayS13\Downloads\sts-4.13.1.RELEASE;
USERNAME=AkshayS13
OS=Windows_NT
PROCESSOR_IDENTIFIER=Intel64 Family 6 Model 85 Stepping 7, GenuineIntel



---------------  S Y S T E M  ---------------

OS:
 Windows 10 , 64 bit Build 19041 (10.0.19041.1741)
OS uptime: 29 days 2:03 hours
VMWare virtualization detected

CPU: total 2 (initial active 2) (2 cores per cpu, 1 threads per core) family 6 model 85 stepping 7 microcode 0x5003103, cx8, cmov, fxsr, mmx, 3dnowpref, sse, sse2, sse3, ssse3, sse4.1, sse4.2, popcnt, lzcnt, tsc, tscinvbit, avx, avx2, aes, erms, clmul, bmi1, bmi2, adx, avx512f, avx512dq, avx512cd, avx512bw, avx512vl, fma, vzeroupper, clflush, clflushopt, clwb, hv

Memory: 4k page, system-wide physical 12287M (534M free)
TotalPageFile size 16383M (AvailPageFile size 160M)
current process WorkingSet (physical memory assigned to process): 11M, peak: 11M
current process commit charge ("private bytes"): 43M, peak: 235M

vm_info: OpenJDK 64-Bit Server VM (17.0.1+12) for windows-amd64 JRE (17.0.1+12), built on Oct 20 2021 07:42:55 by "" with MS VC++ 16.7 (VS2019)

END.
